<?xml version="1.0" encoding="UTF-8"?>
<testsuite name="com.example.its.ItsApplicationTests" tests="1" skipped="0" failures="0" errors="0" timestamp="2022-02-02T02:14:50" hostname="tamurakaiseis-MacBook-Air.local" time="1.13">
  <properties/>
  <testcase name="contextLoads()" classname="com.example.its.ItsApplicationTests" time="1.13"/>
  <system-out><![CDATA[11:14:41.938 [Test worker] DEBUG org.springframework.test.context.BootstrapUtils - Instantiating CacheAwareContextLoaderDelegate from class [org.springframework.test.context.cache.DefaultCacheAwareContextLoaderDelegate]
11:14:41.974 [Test worker] DEBUG org.springframework.test.context.BootstrapUtils - Instantiating BootstrapContext using constructor [public org.springframework.test.context.support.DefaultBootstrapContext(java.lang.Class,org.springframework.test.context.CacheAwareContextLoaderDelegate)]
11:14:42.112 [Test worker] DEBUG org.springframework.test.context.BootstrapUtils - Instantiating TestContextBootstrapper for test class [com.example.its.ItsApplicationTests] from class [org.springframework.boot.test.context.SpringBootTestContextBootstrapper]
11:14:42.172 [Test worker] INFO org.springframework.boot.test.context.SpringBootTestContextBootstrapper - Neither @ContextConfiguration nor @ContextHierarchy found for test class [com.example.its.ItsApplicationTests], using SpringBootContextLoader
11:14:42.180 [Test worker] DEBUG org.springframework.test.context.support.AbstractContextLoader - Did not detect default resource location for test class [com.example.its.ItsApplicationTests]: class path resource [com/example/its/ItsApplicationTests-context.xml] does not exist
11:14:42.181 [Test worker] DEBUG org.springframework.test.context.support.AbstractContextLoader - Did not detect default resource location for test class [com.example.its.ItsApplicationTests]: class path resource [com/example/its/ItsApplicationTestsContext.groovy] does not exist
11:14:42.193 [Test worker] INFO org.springframework.test.context.support.AbstractContextLoader - Could not detect default resource locations for test class [com.example.its.ItsApplicationTests]: no resource found for suffixes {-context.xml, Context.groovy}.
11:14:42.199 [Test worker] INFO org.springframework.test.context.support.AnnotationConfigContextLoaderUtils - Could not detect default configuration classes for test class [com.example.its.ItsApplicationTests]: ItsApplicationTests does not declare any static, non-private, non-final, nested classes annotated with @Configuration.
11:14:42.368 [Test worker] DEBUG org.springframework.test.context.support.ActiveProfilesUtils - Could not find an 'annotation declaring class' for annotation type [org.springframework.test.context.ActiveProfiles] and class [com.example.its.ItsApplicationTests]
11:14:42.552 [Test worker] DEBUG org.springframework.context.annotation.ClassPathScanningCandidateComponentProvider - Identified candidate component class: file [/Users/kaisei/Downloads/poco-tech-spring-boot-54fa10ab734c2e087d7a61e9ee850b76a7377f11/build/classes/java/main/com/example/its/ItsApplication.class]
11:14:42.555 [Test worker] INFO org.springframework.boot.test.context.SpringBootTestContextBootstrapper - Found @SpringBootConfiguration com.example.its.ItsApplication for test class com.example.its.ItsApplicationTests
11:14:42.873 [Test worker] DEBUG org.springframework.boot.test.context.SpringBootTestContextBootstrapper - @TestExecutionListeners is not present for class [com.example.its.ItsApplicationTests]: using defaults.
11:14:42.877 [Test worker] INFO org.springframework.boot.test.context.SpringBootTestContextBootstrapper - Loaded default TestExecutionListener class names from location [META-INF/spring.factories]: [org.springframework.security.test.context.support.WithSecurityContextTestExecutionListener, org.springframework.security.test.context.support.ReactorContextTestExecutionListener, org.springframework.boot.test.autoconfigure.restdocs.RestDocsTestExecutionListener, org.springframework.boot.test.autoconfigure.web.client.MockRestServiceServerResetTestExecutionListener, org.springframework.boot.test.autoconfigure.web.servlet.MockMvcPrintOnlyOnFailureTestExecutionListener, org.springframework.boot.test.autoconfigure.web.servlet.WebDriverTestExecutionListener, org.springframework.boot.test.autoconfigure.webservices.client.MockWebServiceServerTestExecutionListener, org.springframework.boot.test.mock.mockito.MockitoTestExecutionListener, org.springframework.boot.test.mock.mockito.ResetMocksTestExecutionListener, org.springframework.test.context.web.ServletTestExecutionListener, org.springframework.test.context.support.DirtiesContextBeforeModesTestExecutionListener, org.springframework.test.context.event.ApplicationEventsTestExecutionListener, org.springframework.test.context.support.DependencyInjectionTestExecutionListener, org.springframework.test.context.support.DirtiesContextTestExecutionListener, org.springframework.test.context.transaction.TransactionalTestExecutionListener, org.springframework.test.context.jdbc.SqlScriptsTestExecutionListener, org.springframework.test.context.event.EventPublishingTestExecutionListener]
11:14:42.982 [Test worker] INFO org.springframework.boot.test.context.SpringBootTestContextBootstrapper - Using TestExecutionListeners: [org.springframework.test.context.web.ServletTestExecutionListener@18230356, org.springframework.test.context.support.DirtiesContextBeforeModesTestExecutionListener@d8305c2, org.springframework.test.context.event.ApplicationEventsTestExecutionListener@56bca85b, org.springframework.boot.test.mock.mockito.MockitoTestExecutionListener@75d0911a, org.springframework.boot.test.autoconfigure.SpringBootDependencyInjectionTestExecutionListener@75e91545, org.springframework.test.context.support.DirtiesContextTestExecutionListener@60d1a32f, org.springframework.test.context.transaction.TransactionalTestExecutionListener@531c311e, org.springframework.test.context.jdbc.SqlScriptsTestExecutionListener@22b53226, org.springframework.security.test.context.support.WithSecurityContextTestExecutionListener@1fcb4808, org.springframework.test.context.event.EventPublishingTestExecutionListener@726e5805, org.springframework.security.test.context.support.ReactorContextTestExecutionListener@40c80397, org.springframework.boot.test.autoconfigure.restdocs.RestDocsTestExecutionListener@4b672daa, org.springframework.boot.test.autoconfigure.web.client.MockRestServiceServerResetTestExecutionListener@ea9b7c6, org.springframework.boot.test.autoconfigure.web.servlet.MockMvcPrintOnlyOnFailureTestExecutionListener@e077866, org.springframework.boot.test.autoconfigure.web.servlet.WebDriverTestExecutionListener@ed3068a, org.springframework.boot.test.autoconfigure.webservices.client.MockWebServiceServerTestExecutionListener@7c2b6087, org.springframework.boot.test.mock.mockito.ResetMocksTestExecutionListener@3fffff43]
11:14:42.996 [Test worker] DEBUG org.springframework.test.context.support.AbstractDirtiesContextTestExecutionListener - Before test class: context [DefaultTestContext@4678a2eb testClass = ItsApplicationTests, testInstance = [null], testMethod = [null], testException = [null], mergedContextConfiguration = [WebMergedContextConfiguration@5b43fbf6 testClass = ItsApplicationTests, locations = '{}', classes = '{class com.example.its.ItsApplication}', contextInitializerClasses = '[]', activeProfiles = '{}', propertySourceLocations = '{}', propertySourceProperties = '{org.springframework.boot.test.context.SpringBootTestContextBootstrapper=true}', contextCustomizers = set[org.springframework.boot.test.autoconfigure.actuate.metrics.MetricsExportContextCustomizerFactory$DisableMetricExportContextCustomizer@436c81a3, org.springframework.boot.test.autoconfigure.properties.PropertyMappingContextCustomizer@0, org.springframework.boot.test.autoconfigure.web.servlet.WebDriverContextCustomizerFactory$Customizer@45a37759, org.springframework.boot.test.context.filter.ExcludeFilterContextCustomizer@1838ccb8, org.springframework.boot.test.json.DuplicateJsonObjectContextCustomizerFactory$DuplicateJsonObjectContextCustomizer@f107c50, org.springframework.boot.test.mock.mockito.MockitoContextCustomizer@0, org.springframework.boot.test.web.client.TestRestTemplateContextCustomizer@42530531, org.springframework.boot.test.context.SpringBootTestArgs@1, org.springframework.boot.test.context.SpringBootTestWebEnvironment@f79e], resourceBasePath = 'src/main/webapp', contextLoader = 'org.springframework.boot.test.context.SpringBootContextLoader', parent = [null]], attributes = map['org.springframework.test.context.web.ServletTestExecutionListener.activateListener' -> true]], class annotated with @DirtiesContext [false] with mode [null].
11:14:43.121 [Test worker] DEBUG org.springframework.test.context.support.TestPropertySourceUtils - Adding inlined properties to environment: {spring.jmx.enabled=false, org.springframework.boot.test.context.SpringBootTestContextBootstrapper=true}

  .   ____          _            __ _ _
 /\\ / ___'_ __ _ _(_)_ __  __ _ \ \ \ \
( ( )\___ | '_ | '_| | '_ \/ _` | \ \ \ \
 \\/  ___)| |_)| | | | | || (_| |  ) ) ) )
  '  |____| .__|_| |_|_| |_\__, | / / / /
 =========|_|==============|___/=/_/_/_/
 :: Spring Boot ::                (v2.5.6)

2022-02-02 11:14:44.245  INFO 22070 --- [    Test worker] com.example.its.ItsApplicationTests      : Starting ItsApplicationTests using Java 17.0.1 on tamurakaiseis-MacBook-Air.local with PID 22070 (started by kaisei in /Users/kaisei/Downloads/poco-tech-spring-boot-54fa10ab734c2e087d7a61e9ee850b76a7377f11)
2022-02-02 11:14:44.250  INFO 22070 --- [    Test worker] com.example.its.ItsApplicationTests      : No active profile set, falling back to default profiles: default
2022-02-02 11:14:48.937  INFO 22070 --- [    Test worker] o.s.b.a.w.s.WelcomePageHandlerMapping    : Adding welcome page template: index
2022-02-02 11:14:49.280  INFO 22070 --- [    Test worker] o.s.s.web.DefaultSecurityFilterChain     : Will secure any request with [org.springframework.security.web.context.request.async.WebAsyncManagerIntegrationFilter@3b41e1bf, org.springframework.security.web.context.SecurityContextPersistenceFilter@b14b60a, org.springframework.security.web.header.HeaderWriterFilter@22a260ff, org.springframework.security.web.csrf.CsrfFilter@44f0ff2b, org.springframework.security.web.authentication.logout.LogoutFilter@76973a6, org.springframework.security.web.authentication.UsernamePasswordAuthenticationFilter@3c88191b, org.springframework.security.web.savedrequest.RequestCacheAwareFilter@33e0c716, org.springframework.security.web.servletapi.SecurityContextHolderAwareRequestFilter@54c60202, org.springframework.security.web.authentication.AnonymousAuthenticationFilter@619c93ca, org.springframework.security.web.session.SessionManagementFilter@2744dcae, org.springframework.security.web.access.ExceptionTranslationFilter@7cf63b9a, org.springframework.security.web.access.intercept.FilterSecurityInterceptor@149274cb]
2022-02-02 11:14:49.883  INFO 22070 --- [    Test worker] com.zaxxer.hikari.HikariDataSource       : HikariPool-1 - Starting...
2022-02-02 11:14:50.243  INFO 22070 --- [    Test worker] com.zaxxer.hikari.HikariDataSource       : HikariPool-1 - Start completed.
2022-02-02 11:14:50.469  INFO 22070 --- [    Test worker] com.example.its.ItsApplicationTests      : Started ItsApplicationTests in 7.293 seconds (JVM running for 11.049)
]]></system-out>
  <system-err><![CDATA[]]></system-err>
</testsuite>
